<?xml version="1.0" encoding="UTF-8"?>
<testng-results skipped="0" failed="0" ignored="0" total="2" passed="2">
  <reporter-output>
  </reporter-output>
  <suite name="Default suite" duration-ms="40285" started-at="2018-03-08T02:58:48Z" finished-at="2018-03-08T02:59:28Z">
    <groups>
      <group name="cucumber">
        <method signature="AbstractTestNGCucumberTests.feature(cucumber.api.testng.CucumberFeatureWrapper)[pri:0, instance:runner.Runner@4883b407]" name="feature" class="cucumber.api.testng.AbstractTestNGCucumberTests"/>
      </group> <!-- cucumber -->
    </groups>
    <test name="Default test" duration-ms="40285" started-at="2018-03-08T02:58:48Z" finished-at="2018-03-08T02:59:28Z">
      <class name="runner.Runner">
        <test-method status="PASS" signature="setUpClass()[pri:0, instance:runner.Runner@4883b407]" name="setUpClass" is-config="true" duration-ms="224" started-at="2018-03-08T08:28:48Z" finished-at="2018-03-08T08:28:48Z">
          <reporter-output>
          </reporter-output>
        </test-method> <!-- setUpClass -->
        <test-method status="PASS" signature="feature(cucumber.api.testng.CucumberFeatureWrapper)[pri:0, instance:runner.Runner@4883b407]" name="feature" duration-ms="19865" started-at="2018-03-08T08:28:48Z" description="Runs Cucumber Feature" data-provider="features" finished-at="2018-03-08T08:29:08Z">
          <params>
            <param index="0">
              <value>
                <![CDATA[Validate click Feature]]>
              </value>
            </param>
          </params>
          <reporter-output>
          </reporter-output>
        </test-method> <!-- feature -->
        <test-method status="PASS" signature="feature(cucumber.api.testng.CucumberFeatureWrapper)[pri:0, instance:runner.Runner@4883b407]" name="feature" duration-ms="19231" started-at="2018-03-08T08:29:08Z" description="Runs Cucumber Feature" data-provider="features" finished-at="2018-03-08T08:29:28Z">
          <params>
            <param index="0">
              <value>
                <![CDATA[Validate Gesture Feature]]>
              </value>
            </param>
          </params>
          <reporter-output>
          </reporter-output>
        </test-method> <!-- feature -->
        <test-method status="PASS" signature="tearDownClass()[pri:0, instance:runner.Runner@4883b407]" name="tearDownClass" is-config="true" duration-ms="889" started-at="2018-03-08T08:29:28Z" finished-at="2018-03-08T08:29:28Z">
          <reporter-output>
          </reporter-output>
        </test-method> <!-- tearDownClass -->
      </class> <!-- runner.Runner -->
    </test> <!-- Default test -->
  </suite> <!-- Default suite -->
</testng-results>
